Base path: C:/Program Files/UnityNew3DS_1_1_10/Editor/Data
Pipe name: \\.\pipe\UnityShaderCompiler-64bit-4-5836
Cmd: getPlatforms
Cmd: compileSnippet
  api=16 type=0 insize=7139 outsize=5428 kw=DIRECTIONAL SHADOWS_SCREEN LIGHTMAP_OFF DIRLIGHTMAP_OFF DYNAMICLIGHTMAP_OFF VERTEXLIGHT_ON pd= ok=1
Cmd: compileSnippet
  api=16 type=0 insize=3868 outsize=2575 kw=DIRECTIONAL pd= ok=1
Cmd: compileSnippet
  api=16 type=1 insize=3868 outsize=0 kw=DIRECTIONAL pd= ok=1
Cmd: compileSnippet
  api=16 type=1 insize=6052 outsize=0 kw=LIGHTMAP_OFF DIRLIGHTMAP_OFF DYNAMICLIGHTMAP_OFF HDR_LIGHT_PREPASS_OFF pd= ok=1
Cmd: compileSnippet
  api=16 type=0 insize=6054 outsize=3867 kw=LIGHTMAP_OFF DIRLIGHTMAP_OFF DYNAMICLIGHTMAP_OFF HDR_LIGHT_PREPASS_OFF pd= ok=1
Cmd: compileSnippet
  api=16 type=1 insize=6054 outsize=0 kw=LIGHTMAP_OFF DIRLIGHTMAP_OFF DYNAMICLIGHTMAP_OFF HDR_LIGHT_PREPASS_OFF pd= ok=1
Cmd: compileSnippet
  api=16 type=0 insize=7464 outsize=6612 kw=DIRECTIONAL SHADOWS_OFF LIGHTMAP_OFF DIRLIGHTMAP_OFF DYNAMICLIGHTMAP_OFF VERTEXLIGHT_ON pd= ok=1
Cmd: compileSnippet
  api=16 type=1 insize=7464 outsize=0 kw=DIRECTIONAL SHADOWS_SCREEN LIGHTMAP_OFF DIRLIGHTMAP_OFF DYNAMICLIGHTMAP_OFF pd= ok=1
Cmd: compileSnippet
  api=16 type=0 insize=5048 outsize=3824 kw=SPOT pd= ok=1
Cmd: compileSnippet
  api=16 type=1 insize=5048 outsize=0 kw=POINT pd= ok=1
Cmd: compileSnippet
  api=16 type=1 insize=7121 outsize=0 kw=LIGHTMAP_OFF DIRLIGHTMAP_OFF DYNAMICLIGHTMAP_OFF UNITY_HDR_ON pd= ok=1
Unhandled exception: Readfile from pipe failed. GLE=Le canal de communication a été fermé.


Quitting shader compiler process
