Base path: C:/Program Files/UnityNew3DS_1_1_10/Editor/Data
Pipe name: \\.\pipe\UnityShaderCompiler-64bit-7-7288
Cmd: getPlatforms
Cmd: compileSnippet
  api=16 type=0 insize=816 outsize=2641 kw=SPOT SHADOWS_OFF pd= ok=1
Cmd: compileSnippet
  api=16 type=0 insize=816 outsize=2248 kw=DIRECTIONAL SHADOWS_SCREEN pd= ok=1
Cmd: compileSnippet
  api=16 type=0 insize=816 outsize=2741 kw=POINT SHADOWS_CUBE pd= ok=1
Cmd: compileSnippet
  api=16 type=1 insize=816 outsize=0 kw=DIRECTIONAL SHADOWS_OFF pd= ok=1
Cmd: compileSnippet
  api=16 type=1 insize=816 outsize=0 kw=DIRECTIONAL_COOKIE SHADOWS_OFF pd= ok=1
Cmd: compileSnippet
  api=16 type=1 insize=816 outsize=0 kw=SPOT SHADOWS_DEPTH SHADOWS_NATIVE pd= ok=1
Cmd: compileSnippet
  api=16 type=1 insize=816 outsize=0 kw=DIRECTIONAL SHADOWS_SCREEN pd= ok=1
Cmd: compileSnippet
  api=16 type=1 insize=816 outsize=0 kw=POINT SHADOWS_CUBE pd= ok=1
Cmd: compileSnippet
  api=16 type=0 insize=600 outsize=984 kw=SHADOWS_CUBE pd= ok=1
Cmd: compileSnippet
  api=16 type=0 insize=4628 outsize=4121 kw=POINT pd= ok=1
Cmd: compileSnippet
  api=16 type=1 insize=541 outsize=0 kw=SHADOWS_CUBE pd= ok=1
Cmd: compileSnippet
  api=16 type=0 insize=6924 outsize=2970 kw=DIRECTIONAL SHADOWS_OFF LIGHTMAP_OFF DIRLIGHTMAP_OFF DYNAMICLIGHTMAP_OFF VERTEXLIGHT_ON pd= ok=1
Cmd: compileSnippet
  api=16 type=1 insize=6924 outsize=0 kw=DIRECTIONAL SHADOWS_SCREEN LIGHTMAP_OFF DIRLIGHTMAP_OFF DYNAMICLIGHTMAP_OFF pd= ok=1
Cmd: compileSnippet
  api=16 type=0 insize=3695 outsize=1381 kw=DIRECTIONAL pd= ok=1
Cmd: compileSnippet
  api=16 type=0 insize=3695 outsize=1381 kw=DIRECTIONAL_COOKIE pd= ok=1
Cmd: compileSnippet
  api=16 type=1 insize=3695 outsize=0 kw=DIRECTIONAL pd= ok=1
Cmd: compileSnippet
  api=16 type=0 insize=2902 outsize=1210 kw= pd= ok=1
Cmd: compileSnippet
  api=16 type=1 insize=5839 outsize=0 kw=LIGHTMAP_OFF DIRLIGHTMAP_OFF DYNAMICLIGHTMAP_OFF UNITY_HDR_ON pd= ok=1
